<?xml version="1.0" encoding="UTF-8"?>
<!-- Generated by org.testng.reporters.JUnitReportReporter -->
<testsuite hostname="VickieJay-18" failures="0" tests="5" name="org.testApi.PetStore" time="8.924" errors="0" timestamp="17 Aug 2022 14:57:56 GMT" skipped="0">
  <testcase classname="org.testApi.PetStore" name="newPost" time="3.249"/>
  <testcase classname="org.testApi.PetStore" name="verifyPost" time="1.302"/>
  <testcase classname="org.testApi.PetStore" name="verifyByStatus" time="1.205"/>
  <testcase classname="org.testApi.PetStore" name="verifyByStatus" time="1.918"/>
  <testcase classname="org.testApi.PetStore" name="verifyByStatus" time="1.250"/>
</testsuite> <!-- org.testApi.PetStore -->
